<?xml version="1.0" encoding="UTF-8"?>
<testng-results ignored="0" total="14" passed="13" failed="1" skipped="0">
  <reporter-output>
  </reporter-output>
  <suite started-at="2024-08-31T22:23:26 IST" name="Default suite" finished-at="2024-08-31T22:29:43 IST" duration-ms="377547">
    <groups>
    </groups>
    <test started-at="2024-08-31T22:23:26 IST" name="Default test" finished-at="2024-08-31T22:29:43 IST" duration-ms="377547">
      <class name="Test.FinalTest">
        <test-method is-config="true" signature="reportconfig()[pri:0, instance:Test.FinalTest@5b218417]" started-at="2024-08-31T22:23:26 IST" name="reportconfig" finished-at="2024-08-31T22:23:27 IST" duration-ms="1197" status="PASS">
          <reporter-output>
          </reporter-output>
        </test-method> <!-- reportconfig -->
        <test-method is-config="true" signature="setup()[pri:0, instance:Test.FinalTest@5b218417]" started-at="2024-08-31T22:23:27 IST" name="setup" finished-at="2024-08-31T22:23:48 IST" duration-ms="20751" status="PASS">
          <reporter-output>
          </reporter-output>
        </test-method> <!-- setup -->
        <test-method signature="setboxpage5()[pri:-2, instance:Test.FinalTest@5b218417]" started-at="2024-08-31T22:23:48 IST" name="setboxpage5" finished-at="2024-08-31T22:24:00 IST" duration-ms="12211" status="PASS">
          <reporter-output>
          </reporter-output>
        </test-method> <!-- setboxpage5 -->
        <test-method is-config="true" signature="teardown()[pri:0, instance:Test.FinalTest@5b218417]" started-at="2024-08-31T22:24:00 IST" name="teardown" finished-at="2024-08-31T22:24:01 IST" duration-ms="675" status="PASS">
          <reporter-output>
          </reporter-output>
        </test-method> <!-- teardown -->
        <test-method is-config="true" signature="setup()[pri:0, instance:Test.FinalTest@5b218417]" started-at="2024-08-31T22:24:01 IST" name="setup" finished-at="2024-08-31T22:24:18 IST" duration-ms="17076" status="PASS">
          <reporter-output>
          </reporter-output>
        </test-method> <!-- setup -->
        <test-method signature="NewArrivals()[pri:-1, instance:Test.FinalTest@5b218417]" started-at="2024-08-31T22:24:18 IST" name="NewArrivals" finished-at="2024-08-31T22:24:27 IST" duration-ms="9343" status="PASS">
          <reporter-output>
          </reporter-output>
        </test-method> <!-- NewArrivals -->
        <test-method is-config="true" signature="teardown()[pri:0, instance:Test.FinalTest@5b218417]" started-at="2024-08-31T22:24:27 IST" name="teardown" finished-at="2024-08-31T22:24:28 IST" duration-ms="476" status="PASS">
          <reporter-output>
          </reporter-output>
        </test-method> <!-- teardown -->
        <test-method is-config="true" signature="setup()[pri:0, instance:Test.FinalTest@5b218417]" started-at="2024-08-31T22:24:28 IST" name="setup" finished-at="2024-08-31T22:24:44 IST" duration-ms="16183" status="PASS">
          <reporter-output>
          </reporter-output>
        </test-method> <!-- setup -->
        <test-method signature="Bookicon()[pri:1, instance:Test.FinalTest@5b218417]" started-at="2024-08-31T22:24:44 IST" name="Bookicon" finished-at="2024-08-31T22:24:46 IST" duration-ms="2291" status="PASS">
          <reporter-output>
          </reporter-output>
        </test-method> <!-- Bookicon -->
        <test-method is-config="true" signature="teardown()[pri:0, instance:Test.FinalTest@5b218417]" started-at="2024-08-31T22:24:46 IST" name="teardown" finished-at="2024-08-31T22:24:47 IST" duration-ms="802" status="PASS">
          <reporter-output>
          </reporter-output>
        </test-method> <!-- teardown -->
        <test-method is-config="true" signature="setup()[pri:0, instance:Test.FinalTest@5b218417]" started-at="2024-08-31T22:24:47 IST" name="setup" finished-at="2024-08-31T22:25:04 IST" duration-ms="16961" status="PASS">
          <reporter-output>
          </reporter-output>
        </test-method> <!-- setup -->
        <test-method signature="setboxpage()[pri:3, instance:Test.FinalTest@5b218417]" started-at="2024-08-31T22:25:04 IST" name="setboxpage" finished-at="2024-08-31T22:25:14 IST" duration-ms="9722" status="PASS">
          <reporter-output>
          </reporter-output>
        </test-method> <!-- setboxpage -->
        <test-method is-config="true" signature="teardown()[pri:0, instance:Test.FinalTest@5b218417]" started-at="2024-08-31T22:25:14 IST" name="teardown" finished-at="2024-08-31T22:25:14 IST" duration-ms="332" status="PASS">
          <reporter-output>
          </reporter-output>
        </test-method> <!-- teardown -->
        <test-method is-config="true" signature="setup()[pri:0, instance:Test.FinalTest@5b218417]" started-at="2024-08-31T22:25:14 IST" name="setup" finished-at="2024-08-31T22:25:30 IST" duration-ms="16085" status="PASS">
          <reporter-output>
          </reporter-output>
        </test-method> <!-- setup -->
        <test-method signature="setboxpage2()[pri:4, instance:Test.FinalTest@5b218417]" started-at="2024-08-31T22:25:30 IST" name="setboxpage2" finished-at="2024-08-31T22:25:40 IST" duration-ms="9704" status="PASS">
          <reporter-output>
          </reporter-output>
        </test-method> <!-- setboxpage2 -->
        <test-method is-config="true" signature="teardown()[pri:0, instance:Test.FinalTest@5b218417]" started-at="2024-08-31T22:25:40 IST" name="teardown" finished-at="2024-08-31T22:25:40 IST" duration-ms="398" status="PASS">
          <reporter-output>
          </reporter-output>
        </test-method> <!-- teardown -->
        <test-method is-config="true" signature="setup()[pri:0, instance:Test.FinalTest@5b218417]" started-at="2024-08-31T22:25:40 IST" name="setup" finished-at="2024-08-31T22:25:56 IST" duration-ms="15431" status="PASS">
          <reporter-output>
          </reporter-output>
        </test-method> <!-- setup -->
        <test-method signature="setboxpage3()[pri:5, instance:Test.FinalTest@5b218417]" started-at="2024-08-31T22:25:56 IST" name="setboxpage3" finished-at="2024-08-31T22:26:05 IST" duration-ms="9037" status="PASS">
          <reporter-output>
          </reporter-output>
        </test-method> <!-- setboxpage3 -->
        <test-method is-config="true" signature="teardown()[pri:0, instance:Test.FinalTest@5b218417]" started-at="2024-08-31T22:26:05 IST" name="teardown" finished-at="2024-08-31T22:26:06 IST" duration-ms="743" status="PASS">
          <reporter-output>
          </reporter-output>
        </test-method> <!-- teardown -->
        <test-method is-config="true" signature="setup()[pri:0, instance:Test.FinalTest@5b218417]" started-at="2024-08-31T22:26:06 IST" name="setup" finished-at="2024-08-31T22:26:22 IST" duration-ms="15994" status="PASS">
          <reporter-output>
          </reporter-output>
        </test-method> <!-- setup -->
        <test-method signature="setboxpage4()[pri:6, instance:Test.FinalTest@5b218417]" started-at="2024-08-31T22:26:22 IST" name="setboxpage4" finished-at="2024-08-31T22:26:52 IST" duration-ms="30359" status="PASS">
          <reporter-output>
          </reporter-output>
        </test-method> <!-- setboxpage4 -->
        <test-method is-config="true" signature="teardown()[pri:0, instance:Test.FinalTest@5b218417]" started-at="2024-08-31T22:26:52 IST" name="teardown" finished-at="2024-08-31T22:26:52 IST" duration-ms="479" status="PASS">
          <reporter-output>
          </reporter-output>
        </test-method> <!-- teardown -->
        <test-method is-config="true" signature="setup()[pri:0, instance:Test.FinalTest@5b218417]" started-at="2024-08-31T22:26:52 IST" name="setup" finished-at="2024-08-31T22:27:08 IST" duration-ms="15286" status="PASS">
          <reporter-output>
          </reporter-output>
        </test-method> <!-- setup -->
        <test-method signature="Bestsellers()[pri:7, instance:Test.FinalTest@5b218417]" started-at="2024-08-31T22:27:08 IST" name="Bestsellers" finished-at="2024-08-31T22:27:26 IST" duration-ms="18317" status="FAIL">
          <exception class="org.openqa.selenium.NoSuchElementException">
            <message>
              <![CDATA[no such element: Unable to locate element: {"method":"css selector","selector":"[id="lblcartmsg_32832903"]"}
  (Session info: chrome=128.0.6613.113)
For documentation on this error, please visit: https://www.selenium.dev/documentation/webdriver/troubleshooting/errors#no-such-element-exception
Build info: version: '4.23.1', revision: '656257d8e9'
System info: os.name: 'Mac OS X', os.arch: 'x86_64', os.version: '12.7.6', java.version: '21.0.3'
Driver info: org.openqa.selenium.chrome.ChromeDriver
Command: [97ab0bbdade9414c0a5c2be067a9ffcc, findElement {using=css selector, value=[id="lblcartmsg_32832903"]}]
Capabilities {acceptInsecureCerts: false, browserName: chrome, browserVersion: 128.0.6613.113, chrome: {chromedriverVersion: 128.0.6613.86 (3045ed680fda..., userDataDir: /var/folders/zs/_8fhb8yd477...}, fedcm:accounts: true, goog:chromeOptions: {debuggerAddress: localhost:51158}, networkConnectionEnabled: false, pageLoadStrategy: normal, platformName: mac, proxy: Proxy(), se:cdp: ws://localhost:51158/devtoo..., se:cdpVersion: 128.0.6613.113, setWindowRect: true, strictFileInteractability: false, timeouts: {implicit: 0, pageLoad: 300000, script: 30000}, unhandledPromptBehavior: dismiss and notify, webauthn:extension:credBlob: true, webauthn:extension:largeBlob: true, webauthn:extension:minPinLength: true, webauthn:extension:prf: true, webauthn:virtualAuthenticators: true}
Session ID: 97ab0bbdade9414c0a5c2be067a9ffcc]]>
            </message>
            <full-stacktrace>
              <![CDATA[org.openqa.selenium.NoSuchElementException: no such element: Unable to locate element: {"method":"css selector","selector":"[id="lblcartmsg_32832903"]"}
  (Session info: chrome=128.0.6613.113)
For documentation on this error, please visit: https://www.selenium.dev/documentation/webdriver/troubleshooting/errors#no-such-element-exception
Build info: version: '4.23.1', revision: '656257d8e9'
System info: os.name: 'Mac OS X', os.arch: 'x86_64', os.version: '12.7.6', java.version: '21.0.3'
Driver info: org.openqa.selenium.chrome.ChromeDriver
Command: [97ab0bbdade9414c0a5c2be067a9ffcc, findElement {using=css selector, value=[id="lblcartmsg_32832903"]}]
Capabilities {acceptInsecureCerts: false, browserName: chrome, browserVersion: 128.0.6613.113, chrome: {chromedriverVersion: 128.0.6613.86 (3045ed680fda..., userDataDir: /var/folders/zs/_8fhb8yd477...}, fedcm:accounts: true, goog:chromeOptions: {debuggerAddress: localhost:51158}, networkConnectionEnabled: false, pageLoadStrategy: normal, platformName: mac, proxy: Proxy(), se:cdp: ws://localhost:51158/devtoo..., se:cdpVersion: 128.0.6613.113, setWindowRect: true, strictFileInteractability: false, timeouts: {implicit: 0, pageLoad: 300000, script: 30000}, unhandledPromptBehavior: dismiss and notify, webauthn:extension:credBlob: true, webauthn:extension:largeBlob: true, webauthn:extension:minPinLength: true, webauthn:extension:prf: true, webauthn:virtualAuthenticators: true}
Session ID: 97ab0bbdade9414c0a5c2be067a9ffcc
at java.base/jdk.internal.reflect.DirectConstructorHandleAccessor.newInstance(DirectConstructorHandleAccessor.java:62)
at java.base/java.lang.reflect.Constructor.newInstanceWithCaller(Constructor.java:502)
at java.base/java.lang.reflect.Constructor.newInstance(Constructor.java:486)
at org.openqa.selenium.remote.ErrorCodec.decode(ErrorCodec.java:167)
at org.openqa.selenium.remote.codec.w3c.W3CHttpResponseCodec.decode(W3CHttpResponseCodec.java:138)
at org.openqa.selenium.remote.codec.w3c.W3CHttpResponseCodec.decode(W3CHttpResponseCodec.java:50)
at org.openqa.selenium.remote.HttpCommandExecutor.execute(HttpCommandExecutor.java:190)
at org.openqa.selenium.remote.service.DriverCommandExecutor.invokeExecute(DriverCommandExecutor.java:216)
at org.openqa.selenium.remote.service.DriverCommandExecutor.execute(DriverCommandExecutor.java:174)
at org.openqa.selenium.remote.RemoteWebDriver.execute(RemoteWebDriver.java:545)
at org.openqa.selenium.remote.ElementLocation$ElementFinder$2.findElement(ElementLocation.java:165)
at org.openqa.selenium.remote.ElementLocation.findElement(ElementLocation.java:59)
at org.openqa.selenium.remote.RemoteWebDriver.findElement(RemoteWebDriver.java:368)
at org.openqa.selenium.remote.RemoteWebDriver.findElement(RemoteWebDriver.java:362)
at org.openqa.selenium.support.pagefactory.DefaultElementLocator.findElement(DefaultElementLocator.java:68)
at org.openqa.selenium.support.pagefactory.internal.LocatingElementHandler.invoke(LocatingElementHandler.java:38)
at jdk.proxy2/jdk.proxy2.$Proxy16.click(Unknown Source)
at Test.FinalTest.Bestsellers(FinalTest.java:132)
at java.base/jdk.internal.reflect.DirectMethodHandleAccessor.invoke(DirectMethodHandleAccessor.java:103)
at java.base/java.lang.reflect.Method.invoke(Method.java:580)
at org.testng.internal.invokers.MethodInvocationHelper.invokeMethod(MethodInvocationHelper.java:141)
at org.testng.internal.invokers.TestInvoker.invokeMethod(TestInvoker.java:686)
at org.testng.internal.invokers.TestInvoker.invokeTestMethod(TestInvoker.java:230)
at org.testng.internal.invokers.MethodRunner.runInSequence(MethodRunner.java:63)
at org.testng.internal.invokers.TestInvoker$MethodInvocationAgent.invoke(TestInvoker.java:992)
at org.testng.internal.invokers.TestInvoker.invokeTestMethods(TestInvoker.java:203)
at org.testng.internal.invokers.TestMethodWorker.invokeTestMethods(TestMethodWorker.java:154)
at org.testng.internal.invokers.TestMethodWorker.run(TestMethodWorker.java:134)
at java.base/java.util.ArrayList.forEach(ArrayList.java:1596)
at org.testng.TestRunner.privateRun(TestRunner.java:739)
at org.testng.TestRunner.run(TestRunner.java:614)
at org.testng.SuiteRunner.runTest(SuiteRunner.java:421)
at org.testng.SuiteRunner.runSequentially(SuiteRunner.java:413)
at org.testng.SuiteRunner.privateRun(SuiteRunner.java:373)
at org.testng.SuiteRunner.run(SuiteRunner.java:312)
at org.testng.SuiteRunnerWorker.runSuite(SuiteRunnerWorker.java:52)
at org.testng.SuiteRunnerWorker.run(SuiteRunnerWorker.java:95)
at org.testng.TestNG.runSuitesSequentially(TestNG.java:1274)
at org.testng.TestNG.runSuitesLocally(TestNG.java:1208)
at org.testng.TestNG.runSuites(TestNG.java:1112)
at org.testng.TestNG.run(TestNG.java:1079)
at org.testng.remote.AbstractRemoteTestNG.run(AbstractRemoteTestNG.java:115)
at org.testng.remote.RemoteTestNG.initAndRun(RemoteTestNG.java:293)
at org.testng.remote.RemoteTestNG.main(RemoteTestNG.java:91)
]]>
            </full-stacktrace>
          </exception> <!-- org.openqa.selenium.NoSuchElementException -->
          <reporter-output>
          </reporter-output>
        </test-method> <!-- Bestsellers -->
        <test-method is-config="true" signature="teardown()[pri:0, instance:Test.FinalTest@5b218417]" started-at="2024-08-31T22:27:26 IST" name="teardown" finished-at="2024-08-31T22:27:27 IST" duration-ms="512" status="PASS">
          <reporter-output>
          </reporter-output>
        </test-method> <!-- teardown -->
        <test-method is-config="true" signature="setup()[pri:0, instance:Test.FinalTest@5b218417]" started-at="2024-08-31T22:27:27 IST" name="setup" finished-at="2024-08-31T22:27:41 IST" duration-ms="14831" status="PASS">
          <reporter-output>
          </reporter-output>
        </test-method> <!-- setup -->
        <test-method signature="Awardwinners()[pri:8, instance:Test.FinalTest@5b218417]" started-at="2024-08-31T22:27:41 IST" name="Awardwinners" finished-at="2024-08-31T22:27:50 IST" duration-ms="8755" status="PASS">
          <reporter-output>
          </reporter-output>
        </test-method> <!-- Awardwinners -->
        <test-method is-config="true" signature="teardown()[pri:0, instance:Test.FinalTest@5b218417]" started-at="2024-08-31T22:27:50 IST" name="teardown" finished-at="2024-08-31T22:27:51 IST" duration-ms="404" status="PASS">
          <reporter-output>
          </reporter-output>
        </test-method> <!-- teardown -->
        <test-method is-config="true" signature="setup()[pri:0, instance:Test.FinalTest@5b218417]" started-at="2024-08-31T22:27:51 IST" name="setup" finished-at="2024-08-31T22:28:04 IST" duration-ms="13340" status="PASS">
          <reporter-output>
          </reporter-output>
        </test-method> <!-- setup -->
        <test-method signature="FeaturedAuthors()[pri:9, instance:Test.FinalTest@5b218417]" started-at="2024-08-31T22:28:04 IST" name="FeaturedAuthors" finished-at="2024-08-31T22:28:10 IST" duration-ms="6372" status="PASS">
          <reporter-output>
          </reporter-output>
        </test-method> <!-- FeaturedAuthors -->
        <test-method is-config="true" signature="teardown()[pri:0, instance:Test.FinalTest@5b218417]" started-at="2024-08-31T22:28:10 IST" name="teardown" finished-at="2024-08-31T22:28:11 IST" duration-ms="421" status="PASS">
          <reporter-output>
          </reporter-output>
        </test-method> <!-- teardown -->
        <test-method is-config="true" signature="setup()[pri:0, instance:Test.FinalTest@5b218417]" started-at="2024-08-31T22:28:11 IST" name="setup" finished-at="2024-08-31T22:28:24 IST" duration-ms="13580" status="PASS">
          <reporter-output>
          </reporter-output>
        </test-method> <!-- setup -->
        <test-method signature="FictionBooks()[pri:10, instance:Test.FinalTest@5b218417]" started-at="2024-08-31T22:28:24 IST" name="FictionBooks" finished-at="2024-08-31T22:28:34 IST" duration-ms="10024" status="PASS">
          <reporter-output>
          </reporter-output>
        </test-method> <!-- FictionBooks -->
        <test-method is-config="true" signature="teardown()[pri:0, instance:Test.FinalTest@5b218417]" started-at="2024-08-31T22:28:34 IST" name="teardown" finished-at="2024-08-31T22:28:35 IST" duration-ms="405" status="PASS">
          <reporter-output>
          </reporter-output>
        </test-method> <!-- teardown -->
        <test-method is-config="true" signature="setup()[pri:0, instance:Test.FinalTest@5b218417]" started-at="2024-08-31T22:28:35 IST" name="setup" finished-at="2024-08-31T22:28:49 IST" duration-ms="14467" status="PASS">
          <reporter-output>
          </reporter-output>
        </test-method> <!-- setup -->
        <test-method signature="FeaturedAuthors1()[pri:11, instance:Test.FinalTest@5b218417]" started-at="2024-08-31T22:28:49 IST" name="FeaturedAuthors1" finished-at="2024-08-31T22:28:56 IST" duration-ms="7068" status="PASS">
          <reporter-output>
          </reporter-output>
        </test-method> <!-- FeaturedAuthors1 -->
        <test-method is-config="true" signature="teardown()[pri:0, instance:Test.FinalTest@5b218417]" started-at="2024-08-31T22:28:56 IST" name="teardown" finished-at="2024-08-31T22:28:57 IST" duration-ms="444" status="PASS">
          <reporter-output>
          </reporter-output>
        </test-method> <!-- teardown -->
        <test-method is-config="true" signature="setup()[pri:0, instance:Test.FinalTest@5b218417]" started-at="2024-08-31T22:28:57 IST" name="setup" finished-at="2024-08-31T22:29:10 IST" duration-ms="13354" status="PASS">
          <reporter-output>
          </reporter-output>
        </test-method> <!-- setup -->
        <test-method signature="Requestabook1()[pri:12, instance:Test.FinalTest@5b218417]" started-at="2024-08-31T22:29:10 IST" name="Requestabook1" finished-at="2024-08-31T22:29:21 IST" duration-ms="11329" status="PASS">
          <reporter-output>
          </reporter-output>
        </test-method> <!-- Requestabook1 -->
        <test-method is-config="true" signature="teardown()[pri:0, instance:Test.FinalTest@5b218417]" started-at="2024-08-31T22:29:21 IST" name="teardown" finished-at="2024-08-31T22:29:22 IST" duration-ms="384" status="PASS">
          <reporter-output>
          </reporter-output>
        </test-method> <!-- teardown -->
        <test-method is-config="true" signature="setup()[pri:0, instance:Test.FinalTest@5b218417]" started-at="2024-08-31T22:29:22 IST" name="setup" finished-at="2024-08-31T22:29:37 IST" duration-ms="15179" status="PASS">
          <reporter-output>
          </reporter-output>
        </test-method> <!-- setup -->
        <test-method signature="Requestabook()[pri:13, instance:Test.FinalTest@5b218417]" started-at="2024-08-31T22:29:37 IST" name="Requestabook" finished-at="2024-08-31T22:29:42 IST" duration-ms="4960" status="PASS">
          <reporter-output>
          </reporter-output>
        </test-method> <!-- Requestabook -->
        <test-method is-config="true" signature="teardown()[pri:0, instance:Test.FinalTest@5b218417]" started-at="2024-08-31T22:29:42 IST" name="teardown" finished-at="2024-08-31T22:29:42 IST" duration-ms="321" status="PASS">
          <reporter-output>
          </reporter-output>
        </test-method> <!-- teardown -->
        <test-method is-config="true" signature="flush()[pri:0, instance:Test.FinalTest@5b218417]" started-at="2024-08-31T22:29:42 IST" name="flush" finished-at="2024-08-31T22:29:43 IST" duration-ms="1169" status="PASS">
          <reporter-output>
          </reporter-output>
        </test-method> <!-- flush -->
      </class> <!-- Test.FinalTest -->
    </test> <!-- Default test -->
  </suite> <!-- Default suite -->
</testng-results>
